TN:
SF:src/Kickstarter.sol
DA:30,25
FN:30,Kickstarter.constructor
FNDA:25,Kickstarter.constructor
DA:31,25
DA:59,0
FN:59,Kickstarter.onlyCreator
FNDA:0,Kickstarter.onlyCreator
DA:60,0
BRDA:60,0,0,-
DA:61,0
DA:66,2
FN:66,Kickstarter.onlyOwner
FNDA:2,Kickstarter.onlyOwner
DA:67,2
BRDA:67,1,0,1
DA:68,1
DA:73,19
FN:73,Kickstarter.createCampaign
FNDA:19,Kickstarter.createCampaign
DA:77,19
DA:87,19
DA:89,19
DA:91,19
DA:94,12
FN:94,Kickstarter.vote
FNDA:12,Kickstarter.vote
DA:96,12
BRDA:96,2,0,1
DA:97,1
DA:101,1
BRDA:101,3,0,1
DA:102,1
DA:111,10
BRDA:111,4,0,1
DA:112,1
DA:115,9
DA:116,9
DA:117,9
DA:119,9
DA:122,4
FN:122,Kickstarter.unvote
FNDA:4,Kickstarter.unvote
DA:124,4
BRDA:124,5,0,1
DA:125,1
DA:129,1
BRDA:129,6,0,1
DA:130,1
DA:133,2
DA:136,2
BRDA:136,7,0,1
DA:137,1
DA:140,1
DA:141,1
DA:142,1
DA:144,1
DA:145,1
BRDA:145,8,0,-
DA:146,0
DA:148,1
DA:151,11
FN:151,Kickstarter.closeCampaign
FNDA:11,Kickstarter.closeCampaign
DA:153,11
BRDA:153,9,0,1
DA:154,1
DA:158,10
BRDA:158,10,0,1
DA:159,1
DA:163,1
BRDA:163,11,0,1
DA:164,1
DA:168,8
DA:169,8
DA:171,8
DA:172,8
DA:175,8
BRDA:175,12,0,6
BRDA:175,12,1,2
DA:176,6
DA:178,2
DA:179,2
DA:181,2
DA:184,2
BRDA:184,13,0,-
DA:185,0
DA:189,8
DA:192,2
FN:192,Kickstarter.claimFunds
FNDA:2,Kickstarter.claimFunds
DA:193,1
DA:196,1
DA:197,0
DA:199,0
DA:200,0
DA:202,0
DA:206,1
DA:207,1
DA:209,1
BRDA:209,14,0,-
DA:210,0
DA:213,0
BRDA:213,15,0,-
DA:214,0
DA:219,8
FN:219,Kickstarter.getCampaign
FNDA:8,Kickstarter.getCampaign
DA:222,8
BRDA:222,16,0,1
DA:223,1
DA:226,7
DA:229,1
FN:229,Kickstarter.getFailedCampaigns
FNDA:1,Kickstarter.getFailedCampaigns
DA:230,1
FNF:10
FNH:9
LF:77
LH:65
BRF:18
BRH:13
end_of_record
